<?xml version="1.0" encoding="UTF-8"?>
<!-- Generated by org.testng.reporters.JUnitXMLReporter -->
<testsuite ignored="0" hostname="Rupankar-PC-2001" failures="0" tests="8" name="Test" time="26.257" errors="0" timestamp="2023-06-25T20:05:14 IST">
  <testcase classname="Test.TravelInsuranceTest" name="test1" time="1.339"/>
  <testcase classname="Test.TravelInsuranceTest" name="test2" time="4.219"/>
  <testcase classname="Test.TravelInsuranceTest" name="test3" time="0.537"/>
  <testcase classname="Test.TravelInsuranceTest" name="test4" time="0.626"/>
  <testcase classname="Test.TravelInsuranceTest" name="test5" time="0.547"/>
  <testcase classname="Test.TravelInsuranceTest" name="test6" time="0.215"/>
  <testcase classname="Test.TravelInsuranceTest" name="test7" time="11.018"/>
  <testcase classname="Test.TravelInsuranceTest" name="test8" time="1.159"/>
</testsuite> <!-- Test -->
