<?xml version="1.0" encoding="UTF-8"?>
<testng-results ignored="0" total="8" passed="8" failed="0" skipped="0">
  <reporter-output>
  </reporter-output>
  <suite started-at="2023-06-25T20:04:47 IST" name="Suite" finished-at="2023-06-25T20:05:14 IST" duration-ms="26257">
    <groups>
    </groups>
    <test started-at="2023-06-25T20:04:47 IST" name="Test" finished-at="2023-06-25T20:05:14 IST" duration-ms="26257">
      <class name="Test.TravelInsuranceTest">
        <test-method is-config="true" signature="a()[pri:0, instance:Test.TravelInsuranceTest@4816278d]" started-at="2023-06-25T20:04:47 IST" name="a" finished-at="2023-06-25T20:04:47 IST" duration-ms="16" status="PASS">
          <reporter-output>
          </reporter-output>
        </test-method> <!-- a -->
        <test-method is-config="true" signature="openBrowser(java.lang.String)[pri:0, instance:Test.TravelInsuranceTest@4816278d]" started-at="2023-06-25T20:04:47 IST" name="openBrowser" finished-at="2023-06-25T20:04:50 IST" duration-ms="2211" status="PASS">
          <params>
            <param index="0">
              <value>
                <![CDATA[chrome]]>
              </value>
            </param>
          </params>
          <reporter-output>
          </reporter-output>
        </test-method> <!-- openBrowser -->
        <test-method is-config="true" signature="initialize()[pri:0, instance:Test.TravelInsuranceTest@4816278d]" started-at="2023-06-25T20:04:50 IST" name="initialize" finished-at="2023-06-25T20:04:50 IST" duration-ms="26" status="PASS">
          <reporter-output>
          </reporter-output>
        </test-method> <!-- initialize -->
        <test-method is-config="true" signature="openWebsite()[pri:0, instance:Test.TravelInsuranceTest@4816278d]" started-at="2023-06-25T20:04:50 IST" name="openWebsite" finished-at="2023-06-25T20:04:53 IST" duration-ms="2930" status="PASS">
          <reporter-output>
          </reporter-output>
        </test-method> <!-- openWebsite -->
        <test-method signature="test1()[pri:1, instance:Test.TravelInsuranceTest@4816278d]" started-at="2023-06-25T20:04:53 IST" name="test1" finished-at="2023-06-25T20:04:54 IST" duration-ms="1339" status="PASS">
          <reporter-output>
          </reporter-output>
        </test-method> <!-- test1 -->
        <test-method signature="test2()[pri:0, instance:Test.TravelInsuranceTest@4816278d]" started-at="2023-06-25T20:04:54 IST" name="test2" finished-at="2023-06-25T20:04:58 IST" depends-on-methods="Test.TravelInsuranceTest.test1" duration-ms="4219" status="PASS">
          <reporter-output>
          </reporter-output>
        </test-method> <!-- test2 -->
        <test-method signature="test3()[pri:0, instance:Test.TravelInsuranceTest@4816278d]" started-at="2023-06-25T20:04:58 IST" name="test3" finished-at="2023-06-25T20:04:59 IST" depends-on-methods="Test.TravelInsuranceTest.test2" duration-ms="537" status="PASS">
          <reporter-output>
          </reporter-output>
        </test-method> <!-- test3 -->
        <test-method signature="test4()[pri:0, instance:Test.TravelInsuranceTest@4816278d]" started-at="2023-06-25T20:04:59 IST" name="test4" finished-at="2023-06-25T20:04:59 IST" depends-on-methods="Test.TravelInsuranceTest.test3" duration-ms="626" status="PASS">
          <reporter-output>
          </reporter-output>
        </test-method> <!-- test4 -->
        <test-method signature="test5()[pri:0, instance:Test.TravelInsuranceTest@4816278d]" started-at="2023-06-25T20:04:59 IST" name="test5" finished-at="2023-06-25T20:05:00 IST" depends-on-methods="Test.TravelInsuranceTest.test4" duration-ms="547" status="PASS">
          <reporter-output>
          </reporter-output>
        </test-method> <!-- test5 -->
        <test-method signature="test6(java.lang.String,java.lang.String,java.lang.String,java.lang.String)[pri:0, instance:Test.TravelInsuranceTest@4816278d]" started-at="2023-06-25T20:05:01 IST" name="test6" data-provider="getData" finished-at="2023-06-25T20:05:01 IST" depends-on-methods="Test.TravelInsuranceTest.test5" duration-ms="215" status="PASS">
          <params>
            <param index="0">
              <value>
                <![CDATA[9163014480]]>
              </value>
            </param>
            <param index="1">
              <value>
                <![CDATA[Rupankar]]>
              </value>
            </param>
            <param index="2">
              <value>
                <![CDATA[xxx@xxxx]]>
              </value>
            </param>
            <param index="3">
              <value>
                <![CDATA[1234567890]]>
              </value>
            </param>
          </params>
          <reporter-output>
          </reporter-output>
        </test-method> <!-- test6 -->
        <test-method signature="test7()[pri:0, instance:Test.TravelInsuranceTest@4816278d]" started-at="2023-06-25T20:05:01 IST" name="test7" finished-at="2023-06-25T20:05:12 IST" depends-on-methods="Test.TravelInsuranceTest.test6" duration-ms="11018" status="PASS">
          <reporter-output>
          </reporter-output>
        </test-method> <!-- test7 -->
        <test-method signature="test8()[pri:0, instance:Test.TravelInsuranceTest@4816278d]" started-at="2023-06-25T20:05:12 IST" name="test8" finished-at="2023-06-25T20:05:13 IST" depends-on-methods="Test.TravelInsuranceTest.test7" duration-ms="1159" status="PASS">
          <reporter-output>
          </reporter-output>
        </test-method> <!-- test8 -->
        <test-method is-config="true" signature="close()[pri:0, instance:Test.TravelInsuranceTest@4816278d]" started-at="2023-06-25T20:05:13 IST" name="close" finished-at="2023-06-25T20:05:13 IST" duration-ms="308" status="PASS">
          <reporter-output>
          </reporter-output>
        </test-method> <!-- close -->
        <test-method is-config="true" signature="reportend()[pri:0, instance:Test.TravelInsuranceTest@4816278d]" started-at="2023-06-25T20:05:13 IST" name="reportend" finished-at="2023-06-25T20:05:14 IST" duration-ms="252" status="PASS">
          <reporter-output>
          </reporter-output>
        </test-method> <!-- reportend -->
      </class> <!-- Test.TravelInsuranceTest -->
    </test> <!-- Test -->
  </suite> <!-- Suite -->
</testng-results>
